<?xml version="1.0" encoding="UTF-8"?>
<!-- Generated by org.testng.reporters.JUnitReportReporter -->
<testsuite skipped="0" hostname="DESKTOP-0FM1T26" name="com.hyframework.test.Homepagetest" tests="1" failures="0" timestamp="2020-07-26T11:03:13 IST" time="14.901" errors="0">
  <testcase name="WelcomeHomePage" time="14.901" classname="com.hyframework.test.Homepagetest"/>
  <system-out/>
</testsuite> <!-- com.hyframework.test.Homepagetest -->
