<?xml version="1.0" encoding="UTF-8"?>
<!-- Generated by org.testng.reporters.JUnitReportReporter -->
<testsuite skipped="0" hostname="DESKTOP-0FM1T26" name="com.hyframework.test.Homepagetest" tests="1" failures="0" timestamp="2020-07-25T19:01:17 IST" time="15.040" errors="0">
  <testcase name="WelcomeHomePage" time="15.040" classname="com.hyframework.test.Homepagetest"/>
  <system-out/>
</testsuite> <!-- com.hyframework.test.Homepagetest -->
